\BOOKMARK [1][-]{section.1}{\376\377\000I\000n\000t\000r\000o\000d\000u\000c\000t\000i\000o\000n}{}% 1
\BOOKMARK [1][-]{section.2}{\376\377\000P\000r\000o\000b\000l\000e\000m\000\040\000a\000n\000d\000\040\000S\000o\000l\000u\000t\000i\000o\000n}{}% 2
\BOOKMARK [2][-]{subsection.2.1}{\376\377\000P\000r\000o\000b\000l\000e\000m}{section.2}% 3
\BOOKMARK [3][-]{subsubsection.2.1.1}{\376\377\000Y\000o\000u\000n\000g\000e\000r\000\040\000g\000e\000n\000e\000r\000a\000t\000i\000o\000n\000\040\000n\000e\000e\000d\000s}{subsection.2.1}% 4
\BOOKMARK [3][-]{subsubsection.2.1.2}{\376\377\000E\000l\000d\000e\000r\000l\000y\000\040\000n\000e\000e\000d\000s}{subsection.2.1}% 5
\BOOKMARK [2][-]{subsection.2.2}{\376\377\000S\000o\000l\000u\000t\000i\000o\000n}{section.2}% 6
\BOOKMARK [2][-]{subsection.2.3}{\376\377\000V\000e\000s\000t\000a\000\040\000t\000a\000b}{section.2}% 7
\BOOKMARK [1][-]{section.3}{\376\377\000E\000l\000d\000e\000r\000l\000y\000\040\000m\000a\000r\000k\000e\000t}{}% 8
\BOOKMARK [1][-]{section.4}{\376\377\000V\000a\000l\000u\000e\000\040\000P\000r\000o\000p\000o\000s\000i\000t\000i\000o\000n\000\040\000a\000n\000d\000\040\000B\000u\000i\000s\000n\000e\000s\000s\000\040\000M\000o\000d\000e\000l}{}% 9
\BOOKMARK [2][-]{subsection.4.1}{\376\377\000V\000a\000l\000u\000e\000\040\000P\000r\000o\000p\000o\000s\000i\000t\000i\000o\000n}{section.4}% 10
\BOOKMARK [2][-]{subsection.4.2}{\376\377\000B\000u\000i\000s\000n\000e\000s\000s\000\040\000m\000o\000d\000e\000l}{section.4}% 11
\BOOKMARK [2][-]{subsection.4.3}{\376\377\000U\000s\000e\000r\000\040\000t\000e\000s\000t\000s}{section.4}% 12
\BOOKMARK [1][-]{section.5}{\376\377\000I\000n\000d\000u\000s\000t\000r\000i\000a\000l\000\040\000d\000e\000s\000i\000g\000n}{}% 13
\BOOKMARK [2][-]{subsection.5.1}{\376\377\000T\000a\000b\000l\000e\000t}{section.5}% 14
\BOOKMARK [2][-]{subsection.5.2}{\376\377\000C\000h\000a\000r\000g\000i\000n\000g\000\040\000s\000t\000a\000t\000i\000o\000n}{section.5}% 15
\BOOKMARK [2][-]{subsection.5.3}{\376\377\000S\000o\000f\000t\000w\000a\000r\000e\000\040\000d\000e\000s\000i\000g\000n}{section.5}% 16
\BOOKMARK [1][-]{section.6}{\376\377\000M\000a\000t\000e\000r\000i\000a\000l\000s}{}% 17
\BOOKMARK [1][-]{section.7}{\376\377\000H\000a\000r\000d\000w\000a\000r\000e}{}% 18
\BOOKMARK [2][-]{subsection.7.1}{\376\377\000B\000e\000a\000g\000l\000e\000b\000o\000n\000e\000\040\000B\000l\000a\000c\000k}{section.7}% 19
\BOOKMARK [2][-]{subsection.7.2}{\376\377\000S\000c\000r\000e\000e\000n\000\040\000a\000n\000d\000\040\000T\000o\000u\000c\000h\000s\000c\000r\000e\000e\000n}{section.7}% 20
\BOOKMARK [3][-]{subsubsection.7.2.1}{\376\377\000S\000c\000r\000e\000e\000n}{subsection.7.2}% 21
\BOOKMARK [3][-]{subsubsection.7.2.2}{\376\377\000T\000o\000u\000c\000h\000s\000c\000r\000e\000e\000n}{subsection.7.2}% 22
\BOOKMARK [3][-]{subsubsection.7.2.3}{\376\377\000B\000a\000c\000k\000l\000i\000g\000h\000t}{subsection.7.2}% 23
\BOOKMARK [2][-]{subsection.7.3}{\376\377\000W\000i\000r\000e\000l\000e\000s\000s\000\040\000C\000o\000m\000m\000u\000n\000i\000c\000a\000t\000i\000o\000n}{section.7}% 24
\BOOKMARK [3][-]{subsubsection.7.3.1}{\376\377\000W\000l\000a\000n}{subsection.7.3}% 25
\BOOKMARK [3][-]{subsubsection.7.3.2}{\376\377\000B\000l\000u\000e\000t\000o\000o\000t\000h}{subsection.7.3}% 26
\BOOKMARK [3][-]{subsubsection.7.3.3}{\376\377\000P\000o\000w\000e\000r\000\040\000m\000a\000n\000a\000g\000e\000m\000e\000n\000t}{subsection.7.3}% 27
\BOOKMARK [3][-]{subsubsection.7.3.4}{\376\377\000B\000u\000f\000f\000e\000r\000i\000n\000g}{subsection.7.3}% 28
\BOOKMARK [3][-]{subsubsection.7.3.5}{\376\377\000A\000n\000t\000e\000n\000n\000a\000s}{subsection.7.3}% 29
\BOOKMARK [2][-]{subsection.7.4}{\376\377\000F\000r\000o\000n\000t\000\040\000L\000E\000D}{section.7}% 30
\BOOKMARK [2][-]{subsection.7.5}{\376\377\000P\000o\000w\000e\000r\000\040\000m\000a\000n\000a\000g\000e\000m\000e\000n\000t}{section.7}% 31
\BOOKMARK [2][-]{subsection.7.6}{\376\377\000B\000a\000t\000t\000e\000r\000i\000e\000s\000\040\000a\000n\000d\000\040\000c\000h\000a\000r\000g\000e\000r}{section.7}% 32
\BOOKMARK [2][-]{subsection.7.7}{\376\377\000P\000C\000B}{section.7}% 33
\BOOKMARK [3][-]{subsubsection.7.7.1}{\376\377\000O\000v\000e\000r\000a\000l\000l\000\040\000d\000e\000s\000c\000r\000i\000p\000t\000i\000o\000n}{subsection.7.7}% 34
\BOOKMARK [3][-]{subsubsection.7.7.2}{\376\377\000A\000n\000t\000e\000n\000n\000a\000s}{subsection.7.7}% 35
\BOOKMARK [2][-]{subsection.7.8}{\376\377\000C\000o\000s\000t\000\040\000e\000s\000t\000i\000m\000a\000t\000e\000s}{section.7}% 36
\BOOKMARK [1][-]{section.8}{\376\377\000S\000o\000f\000t\000w\000a\000r\000e}{}% 37
\BOOKMARK [2][-]{subsection.8.1}{\376\377\000O\000p\000e\000r\000a\000t\000i\000n\000g\000\040\000s\000y\000s\000t\000e\000m}{section.8}% 38
\BOOKMARK [3][-]{subsubsection.8.1.1}{\376\377\000D\000r\000i\000v\000e\000r\000s}{subsection.8.1}% 39
\BOOKMARK [3][-]{subsubsection.8.1.2}{\376\377\000D\000i\000s\000p\000l\000a\000y}{subsection.8.1}% 40
\BOOKMARK [2][-]{subsection.8.2}{\376\377\000W\000e\000b\000s\000i\000t\000e}{section.8}% 41
\BOOKMARK [3][-]{subsubsection.8.2.1}{\376\377\000W\000e\000b\000p\000a\000g\000e}{subsection.8.2}% 42
\BOOKMARK [3][-]{subsubsection.8.2.2}{\376\377\000D\000a\000t\000a\000b\000a\000s\000e\000\040\000a\000n\000d\000\040\000X\000M\000L\000\040\000p\000a\000r\000s\000i\000n\000g}{subsection.8.2}% 43
\BOOKMARK [2][-]{subsection.8.3}{\376\377\000V\000e\000s\000t\000a\000\040\000s\000o\000f\000t\000w\000a\000r\000e\000\040\000o\000n\000\040\000t\000h\000e\000\040\000t\000a\000b\000l\000e\000t}{section.8}% 44
\BOOKMARK [3][-]{subsubsection.8.3.1}{\376\377\000Q\000t\000\040\000l\000i\000b\000r\000a\000r\000y}{subsection.8.3}% 45
\BOOKMARK [3][-]{subsubsection.8.3.2}{\376\377\000O\000v\000e\000r\000a\000l\000l\000\040\000o\000p\000e\000r\000a\000t\000i\000o\000n\000s}{subsection.8.3}% 46
\BOOKMARK [3][-]{subsubsection.8.3.3}{\376\377\000G\000r\000a\000p\000h\000i\000c\000a\000l\000\040\000i\000n\000t\000e\000r\000f\000a\000c\000e}{subsection.8.3}% 47
\BOOKMARK [1][-]{section.9}{\376\377\000N\000e\000x\000t\000\040\000s\000t\000e\000p\000s}{}% 48
\BOOKMARK [1][-]{section.10}{\376\377\000P\000r\000o\000b\000l\000e\000m\000s\000\040\000e\000n\000c\000o\000u\000n\000t\000e\000r\000e\000d}{}% 49
\BOOKMARK [1][-]{section.11}{\376\377\000C\000o\000n\000c\000l\000u\000s\000i\000o\000n}{}% 50
