Change Component Footprint: Designator=R1 Old Footprint=AXIAL-0.4 New Footprint=J1-0603
Change Component Footprint: Designator=R2 Old Footprint=AXIAL-0.4 New Footprint=J1-0603
Change Component Footprint: Designator=R3 Old Footprint=AXIAL-0.4 New Footprint=J1-0603
Change Component Footprint: Designator=R4 Old Footprint=AXIAL-0.4 New Footprint=J1-0603
Change Component Footprint: Designator=R5 Old Footprint=AXIAL-0.4 New Footprint=J1-0603
Change Component Footprint: Designator=R6 Old Footprint=AXIAL-0.4 New Footprint=J1-0603
Change Component Footprint: Designator=R7 Old Footprint=AXIAL-0.4 New Footprint=J1-0603
Change Component Footprint: Designator=R8 Old Footprint=AXIAL-0.4 New Footprint=J1-0603
Change Component Footprint: Designator=R9 Old Footprint=AXIAL-0.4 New Footprint=J1-0603
Change Component Footprint: Designator=R10 Old Footprint=AXIAL-0.4 New Footprint=J1-0603
Change Component Footprint: Designator=R11 Old Footprint=AXIAL-0.4 New Footprint=J1-0603
Change Component Footprint: Designator=R12 Old Footprint=AXIAL-0.4 New Footprint=J1-0603
Change Component Footprint: Designator=R13 Old Footprint=AXIAL-0.4 New Footprint=J1-0603
Change Component Footprint: Designator=R14 Old Footprint=AXIAL-0.4 New Footprint=J1-0603
Change Component Footprint: Designator=R15 Old Footprint=AXIAL-0.4 New Footprint=J1-0603
Change Component Footprint: Designator=R16 Old Footprint=AXIAL-0.4 New Footprint=J1-0603
Change Component Footprint: Designator=R17 Old Footprint=AXIAL-0.4 New Footprint=J1-0603
Change Component Footprint: Designator=R18 Old Footprint=AXIAL-0.4 New Footprint=J1-0603
Change Component Footprint: Designator=R19 Old Footprint=AXIAL-0.4 New Footprint=J1-0603
Change Component Footprint: Designator=R20 Old Footprint=AXIAL-0.4 New Footprint=J1-0603
Change Component Footprint: Designator=R21 Old Footprint=AXIAL-0.4 New Footprint=J1-0603
Change Component Footprint: Designator=R22 Old Footprint=AXIAL-0.4 New Footprint=J1-0603
Change Component Footprint: Designator=R23 Old Footprint=AXIAL-0.4 New Footprint=J1-0603
Change Component Footprint: Designator=R24 Old Footprint=AXIAL-0.4 New Footprint=J1-0603
Change Component Footprint: Designator=R25 Old Footprint=AXIAL-0.4 New Footprint=J1-0603
Change Component Footprint: Designator=R26 Old Footprint=AXIAL-0.4 New Footprint=J1-0603
Change Component Footprint: Designator=R27 Old Footprint=AXIAL-0.4 New Footprint=J1-0603
Change Component Footprint: Designator=R28 Old Footprint=AXIAL-0.4 New Footprint=J1-0603
Change Component Footprint: Designator=R29 Old Footprint=AXIAL-0.4 New Footprint=J1-0603
Change Component Comment : Designator=R1 Old Comment=33 New Comment=0
Change Component Comment : Designator=R2 Old Comment=33 New Comment=0
Change Component Comment : Designator=R3 Old Comment=33 New Comment=0
Change Component Comment : Designator=R4 Old Comment=33 New Comment=0
Change Component Comment : Designator=R5 Old Comment=33 New Comment=0
Change Component Comment : Designator=R6 Old Comment=33 New Comment=0
Change Component Comment : Designator=R7 Old Comment=33 New Comment=0
Change Component Comment : Designator=R8 Old Comment=33 New Comment=0
Change Component Comment : Designator=R9 Old Comment=33 New Comment=0
Change Component Comment : Designator=R10 Old Comment=33 New Comment=0
Change Component Comment : Designator=R11 Old Comment=33 New Comment=0
Change Component Comment : Designator=R12 Old Comment=33 New Comment=0
Change Component Comment : Designator=R13 Old Comment=33 New Comment=0
Change Component Comment : Designator=R14 Old Comment=33 New Comment=0
Change Component Comment : Designator=R15 Old Comment=33 New Comment=0
Change Component Comment : Designator=R16 Old Comment=33 New Comment=0
Change Component Comment : Designator=R17 Old Comment=33 New Comment=0
Change Component Comment : Designator=R18 Old Comment=33 New Comment=0
Change Component Comment : Designator=R19 Old Comment=33 New Comment=0
Change Component Comment : Designator=R20 Old Comment=33 New Comment=0
Change Component Comment : Designator=R21 Old Comment=33 New Comment=0
Change Component Comment : Designator=R22 Old Comment=33 New Comment=0
Change Component Comment : Designator=R23 Old Comment=33 New Comment=0
Change Component Comment : Designator=R24 Old Comment=33 New Comment=0
Change Component Comment : Designator=R25 Old Comment=33 New Comment=0
Change Component Comment : Designator=R26 Old Comment=33 New Comment=0
Change Component Comment : Designator=R27 Old Comment=33 New Comment=0
Change Component Comment : Designator=R28 Old Comment=33 New Comment=0
Change Component Comment : Designator=R29 Old Comment=33 New Comment=0
Added Pin To Net: NetName=TOUCH_WAKE Pin=HDR2-23-M-P9-15
Added Pin To Net: NetName=I2C1_SCL_TOUCH Pin=HDR2-23-M-P9-17
Added Pin To Net: NetName=I2C1_SDA_TOUCH Pin=HDR2-23-M-P9-18
Added Pin To Net: NetName=I2C2_SCL_ACC Pin=HDR2-23-M-P9-19
Added Pin To Net: NetName=I2C2_SDA_ACC Pin=HDR2-23-M-P9-20
Added Pin To Net: NetName=ACC_INT1 Pin=HDR2-23-M-P9-23
Added Pin To Net: NetName=ACC_INT2 Pin=HDR2-23-M-P9-25
Added Pin To Net: NetName=ACC_SAO Pin=HDR2-23-M-P9-27
Added Pin To Net: NetName=TOUCH_INT Pin=HDR2-23-M-P9-28
Added Pin To Net: NetName=EHRPWMOA Pin=HDR2-23-M-P9-29
