Change Component Designator: Old Designator=* New Designator=*1
Change Component Designator: Old Designator=*BCKLGHT New Designator=*BCKLGHT1
Change Component Designator: Old Designator=* FRTLED New Designator=* FRTLED1
Change Component Designator: Old Designator=C1 New Designator=C20
Change Component Designator: Old Designator=C2 New Designator=C19
Change Component Designator: Old Designator=C3 New Designator=C22
Change Component Designator: Old Designator=C4 New Designator=C21
Change Component Designator: Old Designator=C6 New Designator=C23
Change Component Designator: Old Designator=C7 New Designator=C24
Change Component Designator: Old Designator=front LED New Designator=front LED1
Change Component Designator: Old Designator=L1 New Designator=L3
Change Component Designator: Old Designator=L2 New Designator=L4
Change Component Designator: Old Designator=P8 New Designator=P3
Change Component Designator: Old Designator=P9 New Designator=P4
Change Component Designator: Old Designator=R1 New Designator=R47
Change Component Designator: Old Designator=R2 New Designator=R48
Change Component Designator: Old Designator=R3 New Designator=R49
Change Component Designator: Old Designator=R4 New Designator=R50
Change Component Designator: Old Designator=R5 New Designator=R51
Change Component Designator: Old Designator=R6 New Designator=R52
Change Component Designator: Old Designator=R7 New Designator=R53
Change Component Designator: Old Designator=R8 New Designator=R54
Change Component Designator: Old Designator=R9 New Designator=R55
Change Component Designator: Old Designator=R10 New Designator=R56
Change Component Designator: Old Designator=R11 New Designator=R57
Change Component Designator: Old Designator=R12 New Designator=R58
Change Component Designator: Old Designator=R13 New Designator=R59
Change Component Designator: Old Designator=R14 New Designator=R60
Change Component Designator: Old Designator=R15 New Designator=R61
Change Component Designator: Old Designator=R16 New Designator=R62
Change Component Designator: Old Designator=R17 New Designator=R63
Change Component Designator: Old Designator=R18 New Designator=R64
Change Component Designator: Old Designator=R19 New Designator=R65
Change Component Designator: Old Designator=R20 New Designator=R66
Change Component Designator: Old Designator=R21 New Designator=R67
Change Component Designator: Old Designator=R22 New Designator=R68
Change Component Designator: Old Designator=R23 New Designator=R69
Change Component Designator: Old Designator=R24 New Designator=R70
Change Component Designator: Old Designator=R25 New Designator=R71
Change Component Designator: Old Designator=R26 New Designator=R72
Change Component Designator: Old Designator=R27 New Designator=R73
Change Component Designator: Old Designator=R28 New Designator=R74
Change Component Designator: Old Designator=R29 New Designator=R75
Change Component Designator: Old Designator=R30 New Designator=R78
Change Component Designator: Old Designator=R31 New Designator=R76
Change Component Designator: Old Designator=R32 New Designator=R77
Change Component Designator: Old Designator=R33 New Designator=R79
Change Component Designator: Old Designator=R34 New Designator=R80
Change Component Designator: Old Designator=R35 New Designator=R82
Change Component Designator: Old Designator=U7 New Designator=U6
