Removed Pin From Net: NetName=LCD_LED16V@60MA_POS Pin=J1-1
Removed Pin From Net: NetName=LCD_LED16V@60MA_NEG Pin=J1-2
Removed Pin From Net: NetName=GND Pin=J1-3
Removed Pin From Net: NetName=VCC Pin=J1-4
Removed Pin From Net: NetName=NetJ1_5 Pin=J1-5
Removed Pin From Net: NetName=NetJ1_6 Pin=J1-6
Removed Pin From Net: NetName=NetJ1_7 Pin=J1-7
Removed Pin From Net: NetName=NetJ1_8 Pin=J1-8
Removed Pin From Net: NetName=NetJ1_9 Pin=J1-9
Removed Pin From Net: NetName=NetJ1_10 Pin=J1-10
Removed Pin From Net: NetName=NetJ1_11 Pin=J1-11
Removed Pin From Net: NetName=NetJ1_12 Pin=J1-12
Removed Pin From Net: NetName=NetJ1_13 Pin=J1-13
Removed Pin From Net: NetName=NetJ1_14 Pin=J1-14
Removed Pin From Net: NetName=NetJ1_15 Pin=J1-15
Removed Pin From Net: NetName=NetJ1_16 Pin=J1-16
Removed Pin From Net: NetName=NetJ1_17 Pin=J1-17
Removed Pin From Net: NetName=NetJ1_18 Pin=J1-18
Removed Pin From Net: NetName=NetJ1_19 Pin=J1-19
Removed Pin From Net: NetName=NetJ1_20 Pin=J1-20
Removed Pin From Net: NetName=NetJ1_21 Pin=J1-21
Removed Pin From Net: NetName=NetJ1_22 Pin=J1-22
Removed Pin From Net: NetName=NetJ1_23 Pin=J1-23
Removed Pin From Net: NetName=NetJ1_24 Pin=J1-24
Removed Pin From Net: NetName=NetJ1_25 Pin=J1-25
Removed Pin From Net: NetName=NetJ1_26 Pin=J1-26
Removed Pin From Net: NetName=NetJ1_27 Pin=J1-27
Removed Pin From Net: NetName=NetJ1_28 Pin=J1-28
Removed Pin From Net: NetName=GND Pin=J1-29
Removed Pin From Net: NetName=NetJ1_30 Pin=J1-30
Removed Pin From Net: NetName=NetJ1_31 Pin=J1-31
Removed Pin From Net: NetName=NetJ1_32 Pin=J1-32
Removed Pin From Net: NetName=NetJ1_33 Pin=J1-33
Removed Pin From Net: NetName=NetJ1_34 Pin=J1-34
Removed Pin From Net: NetName=GND Pin=J1-36
Added Pin To Net: NetName=GND Pin=J1-5
Added Pin To Net: NetName=NetJ1_34 Pin=J1-7
Added Pin To Net: NetName=NetJ1_33 Pin=J1-8
Added Pin To Net: NetName=NetJ1_32 Pin=J1-9
Added Pin To Net: NetName=NetJ1_31 Pin=J1-10
Added Pin To Net: NetName=NetJ1_30 Pin=J1-11
Added Pin To Net: NetName=GND Pin=J1-12
Added Pin To Net: NetName=NetJ1_28 Pin=J1-13
Added Pin To Net: NetName=NetJ1_27 Pin=J1-14
Added Pin To Net: NetName=NetJ1_26 Pin=J1-15
Added Pin To Net: NetName=NetJ1_25 Pin=J1-16
Added Pin To Net: NetName=NetJ1_24 Pin=J1-17
Added Pin To Net: NetName=NetJ1_23 Pin=J1-18
Added Pin To Net: NetName=NetJ1_22 Pin=J1-19
Added Pin To Net: NetName=NetJ1_21 Pin=J1-20
Added Pin To Net: NetName=NetJ1_20 Pin=J1-21
Added Pin To Net: NetName=NetJ1_19 Pin=J1-22
Added Pin To Net: NetName=NetJ1_18 Pin=J1-23
Added Pin To Net: NetName=NetJ1_17 Pin=J1-24
Added Pin To Net: NetName=NetJ1_16 Pin=J1-25
Added Pin To Net: NetName=NetJ1_15 Pin=J1-26
Added Pin To Net: NetName=NetJ1_14 Pin=J1-27
Added Pin To Net: NetName=NetJ1_13 Pin=J1-28
Added Pin To Net: NetName=NetJ1_12 Pin=J1-29
Added Pin To Net: NetName=NetJ1_11 Pin=J1-30
Added Pin To Net: NetName=NetJ1_10 Pin=J1-31
Added Pin To Net: NetName=NetJ1_9 Pin=J1-32
Added Pin To Net: NetName=NetJ1_8 Pin=J1-33
Added Pin To Net: NetName=NetJ1_7 Pin=J1-34
Added Pin To Net: NetName=NetJ1_6 Pin=J1-35
Added Pin To Net: NetName=NetJ1_5 Pin=J1-36
Added Pin To Net: NetName=VCC Pin=J1-37
Added Pin To Net: NetName=GND Pin=J1-38
Added Pin To Net: NetName=LCD_LED16V@60MA_NEG Pin=J1-39
Added Pin To Net: NetName=LCD_LED16V@60MA_POS Pin=J1-40
