Removed Pin From Net: NetName=LCD_HSYNC Pin=HDR_2_23_M-29
Removed Pin From Net: NetName=LCD_VSYNC Pin=HDR_2_23_M-31
Added Pin To Net: NetName=LCD_DATA19 Pin=HDR_2_23_M-12
Added Pin To Net: NetName=LCD_DATA22 Pin=HDR_2_23_M-13
Added Pin To Net: NetName=LCD_DATA17 Pin=HDR_2_23_M-16
Added Pin To Net: NetName=LCD_DATA20 Pin=HDR_2_23_M-17
Added Pin To Net: NetName=LCD_DATA23 Pin=HDR_2_23_M-19
Added Pin To Net: NetName=LCD_HSYNC Pin=HDR_2_23_M-27
Added Pin To Net: NetName=LCD_VSYNC Pin=HDR_2_23_M-29
Added Pin To Net: NetName=LCD_DATA14 Pin=HDR_2_23_M-31
Added Pin To Net: NetName=LCD_DATA15 Pin=HDR_2_23_M-32
Added Pin To Net: NetName=LCD_DATA13 Pin=HDR_2_23_M-33
Added Pin To Net: NetName=LCD_DATA11 Pin=HDR_2_23_M-34
Added Pin To Net: NetName=LCD_DATA12 Pin=HDR_2_23_M-35
Added Pin To Net: NetName=LCD_DATA10 Pin=HDR_2_23_M-36
Added Pin To Net: NetName=LCD_DATA8 Pin=HDR_2_23_M-37
Added Pin To Net: NetName=LCD_DATA9 Pin=HDR_2_23_M-38
Added Pin To Net: NetName=LCD_DATA6 Pin=HDR_2_23_M-39
Added Pin To Net: NetName=LCD_DATA7 Pin=HDR_2_23_M-40
Added Pin To Net: NetName=LCD_DATA4 Pin=HDR_2_23_M-41
Added Pin To Net: NetName=LCD_DATA5 Pin=HDR_2_23_M-42
Added Pin To Net: NetName=LCD_DATA2 Pin=HDR_2_23_M-43
Added Pin To Net: NetName=LCD_DATA3 Pin=HDR_2_23_M-44
Added Pin To Net: NetName=LCD_DATA0 Pin=HDR_2_23_M-45
Added Pin To Net: NetName=LCD_DATA1 Pin=HDR_2_23_M-46
