Added Component: Designator=ANT 1(U.FL-R-SMT)
Added Component: Designator=ANT2(U.FL-R-SMT)
Added Component: Designator=C5(C1206)
Added Component: Designator=C17(C1206)
Added Pin To Net: NetName=GND Pin=ANT2-1
Added Pin To Net: NetName=GND Pin=ANT2-2
Added Pin To Net: NetName=GND Pin=ANT2-2
Added Pin To Net: NetName=NetANT 1_0 Pin=C5-2
Added Net: Name=NetANT 1_0
Added Pin To Net: NetName=NetANT2_0 Pin=C17-2
Added Net: Name=NetANT2_0
Added Pin To Net: NetName=NetC5_1 Pin=C5-1
Added Pin To Net: NetName=NetC5_1 Pin=U1-32
Added Net: Name=NetC5_1
Added Pin To Net: NetName=NetC17_1 Pin=C17-1
Added Pin To Net: NetName=NetC17_1 Pin=U1-18
Added Net: Name=NetC17_1
Added Member To Class: ClassName=Vesta_cape_wifi Member=Component ANT 1 U.FL-R-SMT ANT1
Added Member To Class: ClassName=Vesta_cape_wifi Member=Component ANT2 U.FL-R-SMT ANT2
Added Member To Class: ClassName=Vesta_cape_wifi Member=Component C5 10pF
Added Member To Class: ClassName=Vesta_cape_wifi Member=Component C17 10pF
